<?xml version="1.0" encoding="utf-8" standalone="no"?>
<!--This file represents the results of running a test suite-->
<test-results name="C:\Users\joseluis.dominguez\Workspace\pruebas\formación_patrones\Oficina\OficinaTest\bin\Debug\OficinaTest.dll" total="1" errors="0" failures="1" not-run="0" inconclusive="0" ignored="0" skipped="0" invalid="0" date="2013-08-23" time="12:12:37">
  <environment nunit-version="2.6.2.12296" clr-version="2.0.50727.5472" os-version="Microsoft Windows NT 6.1.7601 Service Pack 1" platform="Win32NT" cwd="C:\Program Files (x86)\NUnit 2.6.2\bin" machine-name="AXN1" user="joseluis.dominguez" user-domain="NEXUS" />
  <culture-info current-culture="es-ES" current-uiculture="es-ES" />
  <test-suite type="Assembly" name="C:\Users\joseluis.dominguez\Workspace\pruebas\formación_patrones\Oficina\OficinaTest\bin\Debug\OficinaTest.dll" executed="True" result="Failure" success="False" time="0.150" asserts="0">
    <results>
      <test-suite type="Namespace" name="OficinaTest" executed="True" result="Failure" success="False" time="0.129" asserts="0">
        <results>
          <test-suite type="TestFixture" name="InformesTest" executed="True" result="Failure" success="False" time="0.126" asserts="0">
            <results>
              <test-case name="OficinaTest.InformesTest.UnEquipoPuedeContenerMasEquiposYTrabajadores" executed="True" result="Failure" success="False" time="0.109" asserts="6">
                <failure>
                  <message><![CDATA[  Expected string length 133 but was 132. Strings differ at index 6.
  Expected: "EquipoCompuesto\n\tEquipo pequeño\n\t\tInforme realizado por Becar..."
  But was:  "Equipo Compuesto\n\tEquipo pequeño\n\tInforme realizado por Becar..."
  -----------------^
]]></message>
                  <stack-trace><![CDATA[en OficinaTest.InformesTest.UnEquipoPuedeContenerMasEquiposYTrabajadores() en C:\Users\joseluis.dominguez\Workspace\pruebas\formación_patrones\Oficina\OficinaTest\InformesTest.cs:línea 166
]]></stack-trace>
                </failure>
              </test-case>
            </results>
          </test-suite>
        </results>
      </test-suite>
    </results>
  </test-suite>
</test-results>