<?xml version="1.0" encoding="utf-8" standalone="no"?>
<!--This file represents the results of running a test suite-->
<test-results name="C:\Users\joseluis.dominguez\Workspace\formación_patrones\Oficina\OficinaTest\bin\Debug\OficinaTest.dll" total="2" errors="0" failures="0" not-run="0" inconclusive="0" ignored="0" skipped="0" invalid="0" date="2013-07-31" time="18:16:03">
  <environment nunit-version="2.6.2.12296" clr-version="2.0.50727.5472" os-version="Microsoft Windows NT 6.1.7601 Service Pack 1" platform="Win32NT" cwd="C:\Program Files (x86)\NUnit 2.6.2\bin" machine-name="AXN1" user="joseluis.dominguez" user-domain="NEXUS" />
  <culture-info current-culture="es-ES" current-uiculture="es-ES" />
  <test-suite type="Assembly" name="C:\Users\joseluis.dominguez\Workspace\formación_patrones\Oficina\OficinaTest\bin\Debug\OficinaTest.dll" executed="True" result="Success" success="True" time="0.102" asserts="0">
    <results>
      <test-suite type="Namespace" name="OficinaTest" executed="True" result="Success" success="True" time="0.082" asserts="0">
        <results>
          <test-suite type="TestFixture" name="InformesTest" executed="True" result="Success" success="True" time="0.080" asserts="0">
            <results>
              <test-case name="OficinaTest.InformesTest.AUnJefeSeLePuedeInyectarUnTrabajador" executed="True" result="Success" success="True" time="0.062" asserts="1" />
              <test-case name="OficinaTest.InformesTest.CuandoUnJefePideUnInofeLoHaceUnBecario" executed="True" result="Success" success="True" time="0.001" asserts="1" />
            </results>
          </test-suite>
        </results>
      </test-suite>
    </results>
  </test-suite>
</test-results>